INFO: pocketsphinx.c(152): Parsed model-specific feature parameters from data/files/sphinx/models/en-us/en-us-ptm/feat.params
Current configuration:
[NAME]			[DEFLT]		[VALUE]
-agc			none		none
-agcthresh		2.0		2.000000e+00
-allphone				
-allphone_ci		no		no
-alpha			0.97		9.700000e-01
-ascale			20.0		2.000000e+01
-aw			1		1
-backtrace		no		no
-beam			1e-48		1.000000e-48
-bestpath		yes		yes
-bestpathlw		9.5		9.500000e+00
-ceplen			13		13
-cmn			live		current
-cmninit		40,3,-1		40,3,-1
-compallsen		no		no
-debug					0
-dict					data/files/sphinx/models/en-us/cmudict-en-us.dict
-dictcase		no		no
-dither			no		no
-doublebw		no		no
-ds			1		1
-fdict					
-feat			1s_c_d_dd	1s_c_d_dd
-featparams				
-fillprob		1e-8		1.000000e-08
-frate			100		100
-fsg					
-fsgusealtpron		yes		yes
-fsgusefiller		yes		yes
-fwdflat		yes		yes
-fwdflatbeam		1e-64		1.000000e-64
-fwdflatefwid		4		4
-fwdflatlw		8.5		8.500000e+00
-fwdflatsfwin		25		25
-fwdflatwbeam		7e-29		7.000000e-29
-fwdtree		yes		yes
-hmm					data/files/sphinx/models/en-us/en-us-ptm
-input_endian		little		little
-jsgf					
-keyphrase				mr house
-kws					
-kws_delay		10		10
-kws_plp		1e-1		1.000000e-01
-kws_threshold		1		1.000000e+00
-latsize		5000		5000
-lda					
-ldadim			0		0
-lifter			0		22
-lm					
-lmctl					
-lmname					
-logbase		1.0001		1.000100e+00
-logfn					data/files/sphinx.log
-logspec		no		no
-lowerf			133.33334	1.300000e+02
-lpbeam			1e-40		1.000000e-40
-lponlybeam		7e-29		7.000000e-29
-lw			6.5		6.500000e+00
-maxhmmpf		30000		30000
-maxwpf			-1		-1
-mdef					
-mean					
-mfclogdir				
-min_endfr		0		0
-mixw					
-mixwfloor		0.0000001	1.000000e-07
-mllr					
-mmap			yes		yes
-ncep			13		13
-nfft			512		512
-nfilt			40		25
-nwpen			1.0		1.000000e+00
-pbeam			1e-48		1.000000e-48
-pip			1.0		1.000000e+00
-pl_beam		1e-10		1.000000e-10
-pl_pbeam		1e-10		1.000000e-10
-pl_pip			1.0		1.000000e+00
-pl_weight		3.0		3.000000e+00
-pl_window		5		5
-rawlogdir				
-remove_dc		no		no
-remove_noise		yes		yes
-remove_silence		yes		yes
-round_filters		yes		yes
-samprate		16000		1.600000e+04
-seed			-1		-1
-sendump				
-senlogdir				
-senmgau				
-silprob		0.005		5.000000e-03
-smoothspec		no		no
-svspec					0-12/13-25/26-38
-tmat					
-tmatfloor		0.0001		1.000000e-04
-topn			4		4
-topn_beam		0		0
-toprule				
-transform		legacy		dct
-unit_area		yes		yes
-upperf			6855.4976	6.800000e+03
-uw			1.0		1.000000e+00
-vad_postspeech		50		50
-vad_prespeech		20		20
-vad_startspeech	10		10
-vad_threshold		2.0		2.000000e+00
-var					
-varfloor		0.0001		1.000000e-04
-varnorm		no		no
-verbose		no		no
-warp_params				
-warp_type		inverse_linear	inverse_linear
-wbeam			7e-29		7.000000e-29
-wip			0.65		6.500000e-01
-wlen			0.025625	2.562500e-02

INFO: feat.c(715): Initializing feature stream to type: '1s_c_d_dd', ceplen=13, CMN='batch', VARNORM='no', AGC='none'
INFO: acmod.c(166): Using subvector specification 0-12/13-25/26-38
INFO: mdef.c(518): Reading model definition: data/files/sphinx/models/en-us/en-us-ptm/mdef
INFO: bin_mdef.c(181): Allocating 142108 * 8 bytes (1110 KiB) for CD tree
INFO: tmat.c(149): Reading HMM transition probability matrices: data/files/sphinx/models/en-us/en-us-ptm/transition_matrices
INFO: acmod.c(117): Attempting to use PTM computation module
INFO: ms_gauden.c(127): Reading mixture gaussian parameter: data/files/sphinx/models/en-us/en-us-ptm/means
INFO: ms_gauden.c(242): 42 codebook, 3 feature, size: 
INFO: ms_gauden.c(244):  128x13
INFO: ms_gauden.c(244):  128x13
INFO: ms_gauden.c(244):  128x13
INFO: ms_gauden.c(127): Reading mixture gaussian parameter: data/files/sphinx/models/en-us/en-us-ptm/variances
INFO: ms_gauden.c(242): 42 codebook, 3 feature, size: 
INFO: ms_gauden.c(244):  128x13
INFO: ms_gauden.c(244):  128x13
INFO: ms_gauden.c(244):  128x13
INFO: ms_gauden.c(304): 222 variance values floored
INFO: ptm_mgau.c(476): Loading senones from dump file data/files/sphinx/models/en-us/en-us-ptm/sendump
INFO: ptm_mgau.c(500): BEGIN FILE FORMAT DESCRIPTION
INFO: ptm_mgau.c(563): Rows: 128, Columns: 5126
INFO: ptm_mgau.c(595): Using memory-mapped I/O for senones
INFO: ptm_mgau.c(838): Maximum top-N: 4
INFO: phone_loop_search.c(114): State beam -225 Phone exit beam -225 Insertion penalty 0
INFO: dict.c(320): Allocating 138623 * 32 bytes (4331 KiB) for word entries
INFO: dict.c(333): Reading main dictionary: data/files/sphinx/models/en-us/cmudict-en-us.dict
INFO: dict.c(213): Dictionary size 134522, allocated 1014 KiB for strings, 1677 KiB for phones
INFO: dict.c(336): 134522 words read
INFO: dict.c(358): Reading filler dictionary: data/files/sphinx/models/en-us/en-us-ptm/noisedict
INFO: dict.c(213): Dictionary size 134527, allocated 0 KiB for strings, 0 KiB for phones
INFO: dict.c(361): 5 words read
INFO: dict2pid.c(396): Building PID tables for dictionary
INFO: dict2pid.c(406): Allocating 42^3 * 2 bytes (144 KiB) for word-initial triphones
INFO: dict2pid.c(132): Allocated 42672 bytes (41 KiB) for word-final triphones
INFO: dict2pid.c(196): Allocated 42672 bytes (41 KiB) for single-phone word triphones
INFO: kws_search.c(406): KWS(beam: -1080, plp: -23, default threshold 0, delay 10)
INFO: cmn_live.c(88): Update from < 40.00  3.00 -1.00  0.00  0.00  0.00  0.00  0.00  0.00  0.00  0.00  0.00  0.00 >
INFO: cmn_live.c(105): Update to   < 45.14 10.28 -10.22  1.86 -16.26 10.55 -12.78 -2.53 -0.05 -9.63  8.84 -5.64 -3.87 >
INFO: cmn_live.c(88): Update from < 45.14 10.28 -10.22  1.86 -16.26 10.55 -12.78 -2.53 -0.05 -9.63  8.84 -5.64 -3.87 >
INFO: cmn_live.c(105): Update to   < 43.06 10.16 -12.00  1.60 -16.26 10.04 -10.20 -2.77 -2.23 -7.86  7.47 -6.27 -3.03 >
INFO: kws_search.c(448): TOTAL kws 0.00 CPU nan xRT
INFO: kws_search.c(451): TOTAL kws 0.00 wall nan xRT
INFO: pocketsphinx.c(152): Parsed model-specific feature parameters from data/files/sphinx/models/en-us/en-us-ptm/feat.params
Current configuration:
[NAME]			[DEFLT]		[VALUE]
-agc			none		none
-agcthresh		2.0		2.000000e+00
-allphone				
-allphone_ci		no		no
-alpha			0.97		9.700000e-01
-ascale			20.0		2.000000e+01
-aw			1		1
-backtrace		no		no
-beam			1e-48		1.000000e-48
-bestpath		yes		yes
-bestpathlw		9.5		9.500000e+00
-ceplen			13		13
-cmn			live		current
-cmninit		40,3,-1		40,3,-1
-compallsen		no		no
-debug					0
-dict					data/files/sphinx/models/en-us/cmudict-en-us.dict
-dictcase		no		no
-dither			no		no
-doublebw		no		no
-ds			1		1
-fdict					
-feat			1s_c_d_dd	1s_c_d_dd
-featparams				
-fillprob		1e-8		1.000000e-08
-frate			100		100
-fsg					
-fsgusealtpron		yes		yes
-fsgusefiller		yes		yes
-fwdflat		yes		yes
-fwdflatbeam		1e-64		1.000000e-64
-fwdflatefwid		4		4
-fwdflatlw		8.5		8.500000e+00
-fwdflatsfwin		25		25
-fwdflatwbeam		7e-29		7.000000e-29
-fwdtree		yes		yes
-hmm					data/files/sphinx/models/en-us/en-us-ptm
-input_endian		little		little
-jsgf					
-keyphrase				pause
-kws					
-kws_delay		10		10
-kws_plp		1e-1		1.000000e-01
-kws_threshold		1		1.000000e+00
-latsize		5000		5000
-lda					
-ldadim			0		0
-lifter			0		22
-lm					
-lmctl					
-lmname					
-logbase		1.0001		1.000100e+00
-logfn					data/files/sphinx.log
-logspec		no		no
-lowerf			133.33334	1.300000e+02
-lpbeam			1e-40		1.000000e-40
-lponlybeam		7e-29		7.000000e-29
-lw			6.5		6.500000e+00
-maxhmmpf		30000		30000
-maxwpf			-1		-1
-mdef					
-mean					
-mfclogdir				
-min_endfr		0		0
-mixw					
-mixwfloor		0.0000001	1.000000e-07
-mllr					
-mmap			yes		yes
-ncep			13		13
-nfft			512		512
-nfilt			40		25
-nwpen			1.0		1.000000e+00
-pbeam			1e-48		1.000000e-48
-pip			1.0		1.000000e+00
-pl_beam		1e-10		1.000000e-10
-pl_pbeam		1e-10		1.000000e-10
-pl_pip			1.0		1.000000e+00
-pl_weight		3.0		3.000000e+00
-pl_window		5		5
-rawlogdir				
-remove_dc		no		no
-remove_noise		yes		yes
-remove_silence		yes		yes
-round_filters		yes		yes
-samprate		16000		1.600000e+04
-seed			-1		-1
-sendump				
-senlogdir				
-senmgau				
-silprob		0.005		5.000000e-03
-smoothspec		no		no
-svspec					0-12/13-25/26-38
-tmat					
-tmatfloor		0.0001		1.000000e-04
-topn			4		4
-topn_beam		0		0
-toprule				
-transform		legacy		dct
-unit_area		yes		yes
-upperf			6855.4976	6.800000e+03
-uw			1.0		1.000000e+00
-vad_postspeech		50		50
-vad_prespeech		20		20
-vad_startspeech	10		10
-vad_threshold		2.0		2.000000e+00
-var					
-varfloor		0.0001		1.000000e-04
-varnorm		no		no
-verbose		no		no
-warp_params				
-warp_type		inverse_linear	inverse_linear
-wbeam			7e-29		7.000000e-29
-wip			0.65		6.500000e-01
-wlen			0.025625	2.562500e-02

INFO: feat.c(715): Initializing feature stream to type: '1s_c_d_dd', ceplen=13, CMN='batch', VARNORM='no', AGC='none'
INFO: acmod.c(166): Using subvector specification 0-12/13-25/26-38
INFO: mdef.c(518): Reading model definition: data/files/sphinx/models/en-us/en-us-ptm/mdef
INFO: bin_mdef.c(181): Allocating 142108 * 8 bytes (1110 KiB) for CD tree
INFO: tmat.c(149): Reading HMM transition probability matrices: data/files/sphinx/models/en-us/en-us-ptm/transition_matrices
INFO: acmod.c(117): Attempting to use PTM computation module
INFO: ms_gauden.c(127): Reading mixture gaussian parameter: data/files/sphinx/models/en-us/en-us-ptm/means
INFO: ms_gauden.c(242): 42 codebook, 3 feature, size: 
INFO: ms_gauden.c(244):  128x13
INFO: ms_gauden.c(244):  128x13
INFO: ms_gauden.c(244):  128x13
INFO: ms_gauden.c(127): Reading mixture gaussian parameter: data/files/sphinx/models/en-us/en-us-ptm/variances
INFO: ms_gauden.c(242): 42 codebook, 3 feature, size: 
INFO: ms_gauden.c(244):  128x13
INFO: ms_gauden.c(244):  128x13
INFO: ms_gauden.c(244):  128x13
INFO: ms_gauden.c(304): 222 variance values floored
INFO: ptm_mgau.c(476): Loading senones from dump file data/files/sphinx/models/en-us/en-us-ptm/sendump
INFO: ptm_mgau.c(500): BEGIN FILE FORMAT DESCRIPTION
INFO: ptm_mgau.c(563): Rows: 128, Columns: 5126
INFO: ptm_mgau.c(595): Using memory-mapped I/O for senones
INFO: ptm_mgau.c(838): Maximum top-N: 4
INFO: phone_loop_search.c(114): State beam -225 Phone exit beam -225 Insertion penalty 0
INFO: dict.c(320): Allocating 138623 * 32 bytes (4331 KiB) for word entries
INFO: dict.c(333): Reading main dictionary: data/files/sphinx/models/en-us/cmudict-en-us.dict
INFO: dict.c(213): Dictionary size 134522, allocated 1014 KiB for strings, 1677 KiB for phones
INFO: dict.c(336): 134522 words read
INFO: dict.c(358): Reading filler dictionary: data/files/sphinx/models/en-us/en-us-ptm/noisedict
INFO: dict.c(213): Dictionary size 134527, allocated 0 KiB for strings, 0 KiB for phones
INFO: dict.c(361): 5 words read
INFO: dict2pid.c(396): Building PID tables for dictionary
INFO: dict2pid.c(406): Allocating 42^3 * 2 bytes (144 KiB) for word-initial triphones
INFO: dict2pid.c(132): Allocated 42672 bytes (41 KiB) for word-final triphones
INFO: dict2pid.c(196): Allocated 42672 bytes (41 KiB) for single-phone word triphones
INFO: kws_search.c(406): KWS(beam: -1080, plp: -23, default threshold 0, delay 10)
INFO: kws_search.c(448): TOTAL kws 0.00 CPU nan xRT
INFO: kws_search.c(451): TOTAL kws 0.00 wall nan xRT
INFO: pocketsphinx.c(152): Parsed model-specific feature parameters from data/files/sphinx/models/en-us/en-us-ptm/feat.params
Current configuration:
[NAME]			[DEFLT]		[VALUE]
-agc			none		none
-agcthresh		2.0		2.000000e+00
-allphone				
-allphone_ci		no		no
-alpha			0.97		9.700000e-01
-ascale			20.0		2.000000e+01
-aw			1		1
-backtrace		no		no
-beam			1e-48		1.000000e-48
-bestpath		yes		yes
-bestpathlw		9.5		9.500000e+00
-ceplen			13		13
-cmn			live		current
-cmninit		40,3,-1		40,3,-1
-compallsen		no		no
-debug					0
-dict					data/files/sphinx/models/en-us/cmudict-en-us.dict
-dictcase		no		no
-dither			no		no
-doublebw		no		no
-ds			1		1
-fdict					
-feat			1s_c_d_dd	1s_c_d_dd
-featparams				
-fillprob		1e-8		1.000000e-08
-frate			100		100
-fsg					
-fsgusealtpron		yes		yes
-fsgusefiller		yes		yes
-fwdflat		yes		yes
-fwdflatbeam		1e-64		1.000000e-64
-fwdflatefwid		4		4
-fwdflatlw		8.5		8.500000e+00
-fwdflatsfwin		25		25
-fwdflatwbeam		7e-29		7.000000e-29
-fwdtree		yes		yes
-hmm					data/files/sphinx/models/en-us/en-us-ptm
-input_endian		little		little
-jsgf					
-keyphrase				stop
-kws					
-kws_delay		10		10
-kws_plp		1e-1		1.000000e-01
-kws_threshold		1		1.000000e+00
-latsize		5000		5000
-lda					
-ldadim			0		0
-lifter			0		22
-lm					
-lmctl					
-lmname					
-logbase		1.0001		1.000100e+00
-logfn					data/files/sphinx.log
-logspec		no		no
-lowerf			133.33334	1.300000e+02
-lpbeam			1e-40		1.000000e-40
-lponlybeam		7e-29		7.000000e-29
-lw			6.5		6.500000e+00
-maxhmmpf		30000		30000
-maxwpf			-1		-1
-mdef					
-mean					
-mfclogdir				
-min_endfr		0		0
-mixw					
-mixwfloor		0.0000001	1.000000e-07
-mllr					
-mmap			yes		yes
-ncep			13		13
-nfft			512		512
-nfilt			40		25
-nwpen			1.0		1.000000e+00
-pbeam			1e-48		1.000000e-48
-pip			1.0		1.000000e+00
-pl_beam		1e-10		1.000000e-10
-pl_pbeam		1e-10		1.000000e-10
-pl_pip			1.0		1.000000e+00
-pl_weight		3.0		3.000000e+00
-pl_window		5		5
-rawlogdir				
-remove_dc		no		no
-remove_noise		yes		yes
-remove_silence		yes		yes
-round_filters		yes		yes
-samprate		16000		1.600000e+04
-seed			-1		-1
-sendump				
-senlogdir				
-senmgau				
-silprob		0.005		5.000000e-03
-smoothspec		no		no
-svspec					0-12/13-25/26-38
-tmat					
-tmatfloor		0.0001		1.000000e-04
-topn			4		4
-topn_beam		0		0
-toprule				
-transform		legacy		dct
-unit_area		yes		yes
-upperf			6855.4976	6.800000e+03
-uw			1.0		1.000000e+00
-vad_postspeech		50		50
-vad_prespeech		20		20
-vad_startspeech	10		10
-vad_threshold		2.0		2.000000e+00
-var					
-varfloor		0.0001		1.000000e-04
-varnorm		no		no
-verbose		no		no
-warp_params				
-warp_type		inverse_linear	inverse_linear
-wbeam			7e-29		7.000000e-29
-wip			0.65		6.500000e-01
-wlen			0.025625	2.562500e-02

INFO: feat.c(715): Initializing feature stream to type: '1s_c_d_dd', ceplen=13, CMN='batch', VARNORM='no', AGC='none'
INFO: acmod.c(166): Using subvector specification 0-12/13-25/26-38
INFO: mdef.c(518): Reading model definition: data/files/sphinx/models/en-us/en-us-ptm/mdef
INFO: bin_mdef.c(181): Allocating 142108 * 8 bytes (1110 KiB) for CD tree
INFO: tmat.c(149): Reading HMM transition probability matrices: data/files/sphinx/models/en-us/en-us-ptm/transition_matrices
INFO: acmod.c(117): Attempting to use PTM computation module
INFO: ms_gauden.c(127): Reading mixture gaussian parameter: data/files/sphinx/models/en-us/en-us-ptm/means
INFO: ms_gauden.c(242): 42 codebook, 3 feature, size: 
INFO: ms_gauden.c(244):  128x13
INFO: ms_gauden.c(244):  128x13
INFO: ms_gauden.c(244):  128x13
INFO: ms_gauden.c(127): Reading mixture gaussian parameter: data/files/sphinx/models/en-us/en-us-ptm/variances
INFO: ms_gauden.c(242): 42 codebook, 3 feature, size: 
INFO: ms_gauden.c(244):  128x13
INFO: ms_gauden.c(244):  128x13
INFO: ms_gauden.c(244):  128x13
INFO: ms_gauden.c(304): 222 variance values floored
INFO: ptm_mgau.c(476): Loading senones from dump file data/files/sphinx/models/en-us/en-us-ptm/sendump
INFO: ptm_mgau.c(500): BEGIN FILE FORMAT DESCRIPTION
INFO: ptm_mgau.c(563): Rows: 128, Columns: 5126
INFO: ptm_mgau.c(595): Using memory-mapped I/O for senones
INFO: ptm_mgau.c(838): Maximum top-N: 4
INFO: phone_loop_search.c(114): State beam -225 Phone exit beam -225 Insertion penalty 0
INFO: dict.c(320): Allocating 138623 * 32 bytes (4331 KiB) for word entries
INFO: dict.c(333): Reading main dictionary: data/files/sphinx/models/en-us/cmudict-en-us.dict
INFO: dict.c(213): Dictionary size 134522, allocated 1014 KiB for strings, 1677 KiB for phones
INFO: dict.c(336): 134522 words read
INFO: dict.c(358): Reading filler dictionary: data/files/sphinx/models/en-us/en-us-ptm/noisedict
INFO: dict.c(213): Dictionary size 134527, allocated 0 KiB for strings, 0 KiB for phones
INFO: dict.c(361): 5 words read
INFO: dict2pid.c(396): Building PID tables for dictionary
INFO: dict2pid.c(406): Allocating 42^3 * 2 bytes (144 KiB) for word-initial triphones
INFO: dict2pid.c(132): Allocated 42672 bytes (41 KiB) for word-final triphones
INFO: dict2pid.c(196): Allocated 42672 bytes (41 KiB) for single-phone word triphones
INFO: kws_search.c(406): KWS(beam: -1080, plp: -23, default threshold 0, delay 10)
INFO: cmn_live.c(120): Update from < 40.00  3.00 -1.00  0.00  0.00  0.00  0.00  0.00  0.00  0.00  0.00  0.00  0.00 >
INFO: cmn_live.c(138): Update to   < 45.57  6.93 -5.41 -3.21 -18.39 17.37 -10.52  0.80 -2.04 -12.70  9.22 -9.62 -3.23 >
INFO: kws_search.c(656): kws 0.21 CPU 0.094 xRT
INFO: kws_search.c(658): kws 5.47 wall 2.432 xRT
INFO: cmn_live.c(120): Update from < 45.57  6.93 -5.41 -3.21 -18.39 17.37 -10.52  0.80 -2.04 -12.70  9.22 -9.62 -3.23 >
INFO: cmn_live.c(138): Update to   < 42.81  8.82 -11.16 -1.36 -17.04 10.65 -13.29  2.98 -1.07 -8.79  8.92 -8.29 -0.33 >
INFO: kws_search.c(656): kws 0.23 CPU 0.076 xRT
INFO: kws_search.c(658): kws 4.30 wall 1.432 xRT
INFO: cmn_live.c(88): Update from < 42.81  8.82 -11.16 -1.36 -17.04 10.65 -13.29  2.98 -1.07 -8.79  8.92 -8.29 -0.33 >
INFO: cmn_live.c(105): Update to   < 43.47 10.12 -14.60  0.94 -16.88  8.75 -12.93  2.06 -0.47 -7.39  7.31 -8.96 -0.26 >
INFO: kws_search.c(448): TOTAL kws 0.44 CPU 0.084 xRT
INFO: kws_search.c(451): TOTAL kws 9.77 wall 1.868 xRT
INFO: pocketsphinx.c(152): Parsed model-specific feature parameters from data/files/sphinx/models/en-us/en-us-ptm/feat.params
Current configuration:
[NAME]			[DEFLT]		[VALUE]
-agc			none		none
-agcthresh		2.0		2.000000e+00
-allphone				
-allphone_ci		no		no
-alpha			0.97		9.700000e-01
-ascale			20.0		2.000000e+01
-aw			1		1
-backtrace		no		no
-beam			1e-48		1.000000e-48
-bestpath		yes		yes
-bestpathlw		9.5		9.500000e+00
-ceplen			13		13
-cmn			live		current
-cmninit		40,3,-1		40,3,-1
-compallsen		no		no
-debug					0
-dict					data/files/sphinx/models/en-us/cmudict-en-us.dict
-dictcase		no		no
-dither			no		no
-doublebw		no		no
-ds			1		1
-fdict					
-feat			1s_c_d_dd	1s_c_d_dd
-featparams				
-fillprob		1e-8		1.000000e-08
-frate			100		100
-fsg					
-fsgusealtpron		yes		yes
-fsgusefiller		yes		yes
-fwdflat		yes		yes
-fwdflatbeam		1e-64		1.000000e-64
-fwdflatefwid		4		4
-fwdflatlw		8.5		8.500000e+00
-fwdflatsfwin		25		25
-fwdflatwbeam		7e-29		7.000000e-29
-fwdtree		yes		yes
-hmm					data/files/sphinx/models/en-us/en-us-ptm
-input_endian		little		little
-jsgf					
-keyphrase				stop
-kws					
-kws_delay		10		10
-kws_plp		1e-1		1.000000e-01
-kws_threshold		1		1.000000e+00
-latsize		5000		5000
-lda					
-ldadim			0		0
-lifter			0		22
-lm					
-lmctl					
-lmname					
-logbase		1.0001		1.000100e+00
-logfn					data/files/sphinx.log
-logspec		no		no
-lowerf			133.33334	1.300000e+02
-lpbeam			1e-40		1.000000e-40
-lponlybeam		7e-29		7.000000e-29
-lw			6.5		6.500000e+00
-maxhmmpf		30000		30000
-maxwpf			-1		-1
-mdef					
-mean					
-mfclogdir				
-min_endfr		0		0
-mixw					
-mixwfloor		0.0000001	1.000000e-07
-mllr					
-mmap			yes		yes
-ncep			13		13
-nfft			512		512
-nfilt			40		25
-nwpen			1.0		1.000000e+00
-pbeam			1e-48		1.000000e-48
-pip			1.0		1.000000e+00
-pl_beam		1e-10		1.000000e-10
-pl_pbeam		1e-10		1.000000e-10
-pl_pip			1.0		1.000000e+00
-pl_weight		3.0		3.000000e+00
-pl_window		5		5
-rawlogdir				
-remove_dc		no		no
-remove_noise		yes		yes
-remove_silence		yes		yes
-round_filters		yes		yes
-samprate		16000		1.600000e+04
-seed			-1		-1
-sendump				
-senlogdir				
-senmgau				
-silprob		0.005		5.000000e-03
-smoothspec		no		no
-svspec					0-12/13-25/26-38
-tmat					
-tmatfloor		0.0001		1.000000e-04
-topn			4		4
-topn_beam		0		0
-toprule				
-transform		legacy		dct
-unit_area		yes		yes
-upperf			6855.4976	6.800000e+03
-uw			1.0		1.000000e+00
-vad_postspeech		50		50
-vad_prespeech		20		20
-vad_startspeech	10		10
-vad_threshold		2.0		2.000000e+00
-var					
-varfloor		0.0001		1.000000e-04
-varnorm		no		no
-verbose		no		no
-warp_params				
-warp_type		inverse_linear	inverse_linear
-wbeam			7e-29		7.000000e-29
-wip			0.65		6.500000e-01
-wlen			0.025625	2.562500e-02

INFO: feat.c(715): Initializing feature stream to type: '1s_c_d_dd', ceplen=13, CMN='batch', VARNORM='no', AGC='none'
INFO: acmod.c(166): Using subvector specification 0-12/13-25/26-38
INFO: mdef.c(518): Reading model definition: data/files/sphinx/models/en-us/en-us-ptm/mdef
INFO: bin_mdef.c(181): Allocating 142108 * 8 bytes (1110 KiB) for CD tree
INFO: tmat.c(149): Reading HMM transition probability matrices: data/files/sphinx/models/en-us/en-us-ptm/transition_matrices
INFO: acmod.c(117): Attempting to use PTM computation module
INFO: ms_gauden.c(127): Reading mixture gaussian parameter: data/files/sphinx/models/en-us/en-us-ptm/means
INFO: ms_gauden.c(242): 42 codebook, 3 feature, size: 
INFO: ms_gauden.c(244):  128x13
INFO: ms_gauden.c(244):  128x13
INFO: ms_gauden.c(244):  128x13
INFO: ms_gauden.c(127): Reading mixture gaussian parameter: data/files/sphinx/models/en-us/en-us-ptm/variances
INFO: ms_gauden.c(242): 42 codebook, 3 feature, size: 
INFO: ms_gauden.c(244):  128x13
INFO: ms_gauden.c(244):  128x13
INFO: ms_gauden.c(244):  128x13
INFO: ms_gauden.c(304): 222 variance values floored
INFO: ptm_mgau.c(476): Loading senones from dump file data/files/sphinx/models/en-us/en-us-ptm/sendump
INFO: ptm_mgau.c(500): BEGIN FILE FORMAT DESCRIPTION
INFO: ptm_mgau.c(563): Rows: 128, Columns: 5126
INFO: ptm_mgau.c(595): Using memory-mapped I/O for senones
INFO: ptm_mgau.c(838): Maximum top-N: 4
INFO: phone_loop_search.c(114): State beam -225 Phone exit beam -225 Insertion penalty 0
INFO: dict.c(320): Allocating 138623 * 32 bytes (4331 KiB) for word entries
INFO: dict.c(333): Reading main dictionary: data/files/sphinx/models/en-us/cmudict-en-us.dict
INFO: dict.c(213): Dictionary size 134522, allocated 1014 KiB for strings, 1677 KiB for phones
INFO: dict.c(336): 134522 words read
INFO: dict.c(358): Reading filler dictionary: data/files/sphinx/models/en-us/en-us-ptm/noisedict
INFO: dict.c(213): Dictionary size 134527, allocated 0 KiB for strings, 0 KiB for phones
INFO: dict.c(361): 5 words read
INFO: dict2pid.c(396): Building PID tables for dictionary
INFO: dict2pid.c(406): Allocating 42^3 * 2 bytes (144 KiB) for word-initial triphones
INFO: dict2pid.c(132): Allocated 42672 bytes (41 KiB) for word-final triphones
INFO: dict2pid.c(196): Allocated 42672 bytes (41 KiB) for single-phone word triphones
INFO: kws_search.c(406): KWS(beam: -1080, plp: -23, default threshold 0, delay 10)
INFO: cmn_live.c(88): Update from < 40.00  3.00 -1.00  0.00  0.00  0.00  0.00  0.00  0.00  0.00  0.00  0.00  0.00 >
INFO: cmn_live.c(105): Update to   < 40.44  7.30 -7.73 -1.41 -13.22  7.47 -8.04 -5.90 -1.91 -8.23 11.31 -6.70 -4.01 >
INFO: kws_search.c(448): TOTAL kws 0.00 CPU nan xRT
INFO: kws_search.c(451): TOTAL kws 0.00 wall nan xRT
INFO: pocketsphinx.c(152): Parsed model-specific feature parameters from data/files/sphinx/models/en-us/en-us-ptm/feat.params
Current configuration:
[NAME]			[DEFLT]		[VALUE]
-agc			none		none
-agcthresh		2.0		2.000000e+00
-allphone				
-allphone_ci		no		no
-alpha			0.97		9.700000e-01
-ascale			20.0		2.000000e+01
-aw			1		1
-backtrace		no		no
-beam			1e-48		1.000000e-48
-bestpath		yes		yes
-bestpathlw		9.5		9.500000e+00
-ceplen			13		13
-cmn			live		current
-cmninit		40,3,-1		40,3,-1
-compallsen		no		no
-debug					0
-dict					data/files/sphinx/models/en-us/cmudict-en-us.dict
-dictcase		no		no
-dither			no		no
-doublebw		no		no
-ds			1		1
-fdict					
-feat			1s_c_d_dd	1s_c_d_dd
-featparams				
-fillprob		1e-8		1.000000e-08
-frate			100		100
-fsg					
-fsgusealtpron		yes		yes
-fsgusefiller		yes		yes
-fwdflat		yes		yes
-fwdflatbeam		1e-64		1.000000e-64
-fwdflatefwid		4		4
-fwdflatlw		8.5		8.500000e+00
-fwdflatsfwin		25		25
-fwdflatwbeam		7e-29		7.000000e-29
-fwdtree		yes		yes
-hmm					data/files/sphinx/models/en-us/en-us-ptm
-input_endian		little		little
-jsgf					
-keyphrase				stop
-kws					
-kws_delay		10		10
-kws_plp		1e-1		1.000000e-01
-kws_threshold		1		1.000000e+00
-latsize		5000		5000
-lda					
-ldadim			0		0
-lifter			0		22
-lm					
-lmctl					
-lmname					
-logbase		1.0001		1.000100e+00
-logfn					data/files/sphinx.log
-logspec		no		no
-lowerf			133.33334	1.300000e+02
-lpbeam			1e-40		1.000000e-40
-lponlybeam		7e-29		7.000000e-29
-lw			6.5		6.500000e+00
-maxhmmpf		30000		30000
-maxwpf			-1		-1
-mdef					
-mean					
-mfclogdir				
-min_endfr		0		0
-mixw					
-mixwfloor		0.0000001	1.000000e-07
-mllr					
-mmap			yes		yes
-ncep			13		13
-nfft			512		512
-nfilt			40		25
-nwpen			1.0		1.000000e+00
-pbeam			1e-48		1.000000e-48
-pip			1.0		1.000000e+00
-pl_beam		1e-10		1.000000e-10
-pl_pbeam		1e-10		1.000000e-10
-pl_pip			1.0		1.000000e+00
-pl_weight		3.0		3.000000e+00
-pl_window		5		5
-rawlogdir				
-remove_dc		no		no
-remove_noise		yes		yes
-remove_silence		yes		yes
-round_filters		yes		yes
-samprate		16000		1.600000e+04
-seed			-1		-1
-sendump				
-senlogdir				
-senmgau				
-silprob		0.005		5.000000e-03
-smoothspec		no		no
-svspec					0-12/13-25/26-38
-tmat					
-tmatfloor		0.0001		1.000000e-04
-topn			4		4
-topn_beam		0		0
-toprule				
-transform		legacy		dct
-unit_area		yes		yes
-upperf			6855.4976	6.800000e+03
-uw			1.0		1.000000e+00
-vad_postspeech		50		50
-vad_prespeech		20		20
-vad_startspeech	10		10
-vad_threshold		2.0		2.000000e+00
-var					
-varfloor		0.0001		1.000000e-04
-varnorm		no		no
-verbose		no		no
-warp_params				
-warp_type		inverse_linear	inverse_linear
-wbeam			7e-29		7.000000e-29
-wip			0.65		6.500000e-01
-wlen			0.025625	2.562500e-02

INFO: feat.c(715): Initializing feature stream to type: '1s_c_d_dd', ceplen=13, CMN='batch', VARNORM='no', AGC='none'
INFO: acmod.c(166): Using subvector specification 0-12/13-25/26-38
INFO: mdef.c(518): Reading model definition: data/files/sphinx/models/en-us/en-us-ptm/mdef
INFO: bin_mdef.c(181): Allocating 142108 * 8 bytes (1110 KiB) for CD tree
INFO: tmat.c(149): Reading HMM transition probability matrices: data/files/sphinx/models/en-us/en-us-ptm/transition_matrices
INFO: acmod.c(117): Attempting to use PTM computation module
INFO: ms_gauden.c(127): Reading mixture gaussian parameter: data/files/sphinx/models/en-us/en-us-ptm/means
INFO: ms_gauden.c(242): 42 codebook, 3 feature, size: 
INFO: ms_gauden.c(244):  128x13
INFO: ms_gauden.c(244):  128x13
INFO: ms_gauden.c(244):  128x13
INFO: ms_gauden.c(127): Reading mixture gaussian parameter: data/files/sphinx/models/en-us/en-us-ptm/variances
INFO: ms_gauden.c(242): 42 codebook, 3 feature, size: 
INFO: ms_gauden.c(244):  128x13
INFO: ms_gauden.c(244):  128x13
INFO: ms_gauden.c(244):  128x13
INFO: ms_gauden.c(304): 222 variance values floored
INFO: ptm_mgau.c(476): Loading senones from dump file data/files/sphinx/models/en-us/en-us-ptm/sendump
INFO: ptm_mgau.c(500): BEGIN FILE FORMAT DESCRIPTION
INFO: ptm_mgau.c(563): Rows: 128, Columns: 5126
INFO: ptm_mgau.c(595): Using memory-mapped I/O for senones
INFO: ptm_mgau.c(838): Maximum top-N: 4
INFO: phone_loop_search.c(114): State beam -225 Phone exit beam -225 Insertion penalty 0
INFO: dict.c(320): Allocating 138623 * 32 bytes (4331 KiB) for word entries
INFO: dict.c(333): Reading main dictionary: data/files/sphinx/models/en-us/cmudict-en-us.dict
INFO: dict.c(213): Dictionary size 134522, allocated 1014 KiB for strings, 1677 KiB for phones
INFO: dict.c(336): 134522 words read
INFO: dict.c(358): Reading filler dictionary: data/files/sphinx/models/en-us/en-us-ptm/noisedict
INFO: dict.c(213): Dictionary size 134527, allocated 0 KiB for strings, 0 KiB for phones
INFO: dict.c(361): 5 words read
INFO: dict2pid.c(396): Building PID tables for dictionary
INFO: dict2pid.c(406): Allocating 42^3 * 2 bytes (144 KiB) for word-initial triphones
INFO: dict2pid.c(132): Allocated 42672 bytes (41 KiB) for word-final triphones
INFO: dict2pid.c(196): Allocated 42672 bytes (41 KiB) for single-phone word triphones
INFO: kws_search.c(406): KWS(beam: -1080, plp: -23, default threshold 0, delay 10)
INFO: cmn_live.c(120): Update from < 40.00  3.00 -1.00  0.00  0.00  0.00  0.00  0.00  0.00  0.00  0.00  0.00  0.00 >
INFO: cmn_live.c(138): Update to   < 44.00  7.46 -5.48 -2.29 -16.85 16.03 -10.54 -1.35 -5.29 -12.63 12.18 -8.08 -1.40 >
INFO: kws_search.c(656): kws 0.31 CPU 0.093 xRT
INFO: kws_search.c(658): kws 6.84 wall 2.079 xRT
INFO: cmn_live.c(120): Update from < 44.00  7.46 -5.48 -2.29 -16.85 16.03 -10.54 -1.35 -5.29 -12.63 12.18 -8.08 -1.40 >
INFO: cmn_live.c(138): Update to   < 44.37  6.78 -4.82 -3.42 -17.31 15.28 -9.12 -0.35 -5.49 -11.43 11.65 -7.23 -2.27 >
INFO: kws_search.c(656): kws 0.11 CPU 0.163 xRT
INFO: kws_search.c(658): kws 3.90 wall 5.910 xRT
INFO: cmn_live.c(88): Update from < 44.37  6.78 -4.82 -3.42 -17.31 15.28 -9.12 -0.35 -5.49 -11.43 11.65 -7.23 -2.27 >
INFO: cmn_live.c(105): Update to   < 41.77  5.64 -5.74 -4.80 -14.80 13.46 -6.69 -0.14 -5.51 -10.47  8.68 -6.13 -2.36 >
INFO: cmn_live.c(88): Update from < 41.77  5.64 -5.74 -4.80 -14.80 13.46 -6.69 -0.14 -5.51 -10.47  8.68 -6.13 -2.36 >
INFO: cmn_live.c(105): Update to   < 42.94  2.99 -5.47 -4.37 -12.07  9.68 -4.39 -1.19 -4.56 -9.69  6.93 -5.65 -2.20 >
INFO: cmn_live.c(88): Update from < 42.94  2.99 -5.47 -4.37 -12.07  9.68 -4.39 -1.19 -4.56 -9.69  6.93 -5.65 -2.20 >
INFO: cmn_live.c(105): Update to   < 42.89  2.96 -5.91 -4.81 -11.60  9.16 -4.05 -1.18 -4.63 -9.30  6.22 -4.74 -1.43 >
INFO: cmn_live.c(88): Update from < 42.89  2.96 -5.91 -4.81 -11.60  9.16 -4.05 -1.18 -4.63 -9.30  6.22 -4.74 -1.43 >
INFO: cmn_live.c(105): Update to   < 42.56  1.87 -5.59 -5.22 -9.98  9.38 -3.70 -0.03 -5.16 -9.59  3.69 -4.36 -1.27 >
INFO: kws_search.c(448): TOTAL kws 0.41 CPU 0.105 xRT
INFO: kws_search.c(451): TOTAL kws 10.74 wall 2.733 xRT
INFO: pocketsphinx.c(152): Parsed model-specific feature parameters from data/files/sphinx/models/en-us/en-us-ptm/feat.params
Current configuration:
[NAME]			[DEFLT]		[VALUE]
-agc			none		none
-agcthresh		2.0		2.000000e+00
-allphone				
-allphone_ci		no		no
-alpha			0.97		9.700000e-01
-ascale			20.0		2.000000e+01
-aw			1		1
-backtrace		no		no
-beam			1e-48		1.000000e-48
-bestpath		yes		yes
-bestpathlw		9.5		9.500000e+00
-ceplen			13		13
-cmn			live		current
-cmninit		40,3,-1		40,3,-1
-compallsen		no		no
-debug					0
-dict					data/files/sphinx/models/en-us/cmudict-en-us.dict
-dictcase		no		no
-dither			no		no
-doublebw		no		no
-ds			1		1
-fdict					
-feat			1s_c_d_dd	1s_c_d_dd
-featparams				
-fillprob		1e-8		1.000000e-08
-frate			100		100
-fsg					
-fsgusealtpron		yes		yes
-fsgusefiller		yes		yes
-fwdflat		yes		yes
-fwdflatbeam		1e-64		1.000000e-64
-fwdflatefwid		4		4
-fwdflatlw		8.5		8.500000e+00
-fwdflatsfwin		25		25
-fwdflatwbeam		7e-29		7.000000e-29
-fwdtree		yes		yes
-hmm					data/files/sphinx/models/en-us/en-us-ptm
-input_endian		little		little
-jsgf					
-keyphrase				stop
-kws					
-kws_delay		10		10
-kws_plp		1e-1		1.000000e-01
-kws_threshold		1		1.000000e+00
-latsize		5000		5000
-lda					
-ldadim			0		0
-lifter			0		22
-lm					
-lmctl					
-lmname					
-logbase		1.0001		1.000100e+00
-logfn					data/files/sphinx.log
-logspec		no		no
-lowerf			133.33334	1.300000e+02
-lpbeam			1e-40		1.000000e-40
-lponlybeam		7e-29		7.000000e-29
-lw			6.5		6.500000e+00
-maxhmmpf		30000		30000
-maxwpf			-1		-1
-mdef					
-mean					
-mfclogdir				
-min_endfr		0		0
-mixw					
-mixwfloor		0.0000001	1.000000e-07
-mllr					
-mmap			yes		yes
-ncep			13		13
-nfft			512		512
-nfilt			40		25
-nwpen			1.0		1.000000e+00
-pbeam			1e-48		1.000000e-48
-pip			1.0		1.000000e+00
-pl_beam		1e-10		1.000000e-10
-pl_pbeam		1e-10		1.000000e-10
-pl_pip			1.0		1.000000e+00
-pl_weight		3.0		3.000000e+00
-pl_window		5		5
-rawlogdir				
-remove_dc		no		no
-remove_noise		yes		yes
-remove_silence		yes		yes
-round_filters		yes		yes
-samprate		16000		1.600000e+04
-seed			-1		-1
-sendump				
-senlogdir				
-senmgau				
-silprob		0.005		5.000000e-03
-smoothspec		no		no
-svspec					0-12/13-25/26-38
-tmat					
-tmatfloor		0.0001		1.000000e-04
-topn			4		4
-topn_beam		0		0
-toprule				
-transform		legacy		dct
-unit_area		yes		yes
-upperf			6855.4976	6.800000e+03
-uw			1.0		1.000000e+00
-vad_postspeech		50		50
-vad_prespeech		20		20
-vad_startspeech	10		10
-vad_threshold		2.0		2.000000e+00
-var					
-varfloor		0.0001		1.000000e-04
-varnorm		no		no
-verbose		no		no
-warp_params				
-warp_type		inverse_linear	inverse_linear
-wbeam			7e-29		7.000000e-29
-wip			0.65		6.500000e-01
-wlen			0.025625	2.562500e-02

INFO: feat.c(715): Initializing feature stream to type: '1s_c_d_dd', ceplen=13, CMN='batch', VARNORM='no', AGC='none'
INFO: acmod.c(166): Using subvector specification 0-12/13-25/26-38
INFO: mdef.c(518): Reading model definition: data/files/sphinx/models/en-us/en-us-ptm/mdef
INFO: bin_mdef.c(181): Allocating 142108 * 8 bytes (1110 KiB) for CD tree
INFO: tmat.c(149): Reading HMM transition probability matrices: data/files/sphinx/models/en-us/en-us-ptm/transition_matrices
INFO: acmod.c(117): Attempting to use PTM computation module
INFO: ms_gauden.c(127): Reading mixture gaussian parameter: data/files/sphinx/models/en-us/en-us-ptm/means
INFO: ms_gauden.c(242): 42 codebook, 3 feature, size: 
INFO: ms_gauden.c(244):  128x13
INFO: ms_gauden.c(244):  128x13
INFO: ms_gauden.c(244):  128x13
INFO: ms_gauden.c(127): Reading mixture gaussian parameter: data/files/sphinx/models/en-us/en-us-ptm/variances
INFO: ms_gauden.c(242): 42 codebook, 3 feature, size: 
INFO: ms_gauden.c(244):  128x13
INFO: ms_gauden.c(244):  128x13
INFO: ms_gauden.c(244):  128x13
INFO: ms_gauden.c(304): 222 variance values floored
INFO: ptm_mgau.c(476): Loading senones from dump file data/files/sphinx/models/en-us/en-us-ptm/sendump
INFO: ptm_mgau.c(500): BEGIN FILE FORMAT DESCRIPTION
INFO: ptm_mgau.c(563): Rows: 128, Columns: 5126
INFO: ptm_mgau.c(595): Using memory-mapped I/O for senones
INFO: ptm_mgau.c(838): Maximum top-N: 4
INFO: phone_loop_search.c(114): State beam -225 Phone exit beam -225 Insertion penalty 0
INFO: dict.c(320): Allocating 138623 * 32 bytes (4331 KiB) for word entries
INFO: dict.c(333): Reading main dictionary: data/files/sphinx/models/en-us/cmudict-en-us.dict
INFO: dict.c(213): Dictionary size 134522, allocated 1014 KiB for strings, 1677 KiB for phones
INFO: dict.c(336): 134522 words read
INFO: dict.c(358): Reading filler dictionary: data/files/sphinx/models/en-us/en-us-ptm/noisedict
INFO: dict.c(213): Dictionary size 134527, allocated 0 KiB for strings, 0 KiB for phones
INFO: dict.c(361): 5 words read
INFO: dict2pid.c(396): Building PID tables for dictionary
INFO: dict2pid.c(406): Allocating 42^3 * 2 bytes (144 KiB) for word-initial triphones
INFO: dict2pid.c(132): Allocated 42672 bytes (41 KiB) for word-final triphones
INFO: dict2pid.c(196): Allocated 42672 bytes (41 KiB) for single-phone word triphones
INFO: kws_search.c(406): KWS(beam: -1080, plp: -23, default threshold 0, delay 10)
INFO: cmn_live.c(88): Update from < 40.00  3.00 -1.00  0.00  0.00  0.00  0.00  0.00  0.00  0.00  0.00  0.00  0.00 >
INFO: cmn_live.c(105): Update to   < 47.04  8.52 -8.27 -3.01 -13.17  4.17 -13.03 -5.80 -5.47 -6.07 11.39 -3.04 -4.56 >
INFO: kws_search.c(656): kws 0.82 CPU 0.076 xRT
INFO: kws_search.c(658): kws 12.49 wall 1.156 xRT
INFO: cmn_live.c(88): Update from < 47.04  8.52 -8.27 -3.01 -13.17  4.17 -13.03 -5.80 -5.47 -6.07 11.39 -3.04 -4.56 >
INFO: cmn_live.c(105): Update to   < 45.95  7.84 -8.81 -4.78 -10.89  4.48 -11.43 -5.02 -4.53 -5.97 11.03 -3.85 -3.50 >
INFO: cmn_live.c(88): Update from < 45.95  7.84 -8.81 -4.78 -10.89  4.48 -11.43 -5.02 -4.53 -5.97 11.03 -3.85 -3.50 >
INFO: cmn_live.c(105): Update to   < 44.64  6.50 -9.80 -2.95 -11.83  5.67 -8.83 -1.02 -2.96 -7.28  6.83 -4.13 -1.40 >
INFO: cmn_live.c(88): Update from < 44.64  6.50 -9.80 -2.95 -11.83  5.67 -8.83 -1.02 -2.96 -7.28  6.83 -4.13 -1.40 >
INFO: cmn_live.c(105): Update to   < 42.75  5.56 -9.36 -2.20 -12.33  6.70 -7.64  0.85 -2.69 -9.82  3.83 -5.00 -0.07 >
INFO: cmn_live.c(88): Update from < 42.75  5.56 -9.36 -2.20 -12.33  6.70 -7.64  0.85 -2.69 -9.82  3.83 -5.00 -0.07 >
INFO: cmn_live.c(105): Update to   < 41.77  7.10 -10.55 -1.11 -13.03  6.79 -8.87  1.20 -2.51 -11.63  3.63 -4.52  1.29 >
INFO: cmn_live.c(88): Update from < 41.77  7.10 -10.55 -1.11 -13.03  6.79 -8.87  1.20 -2.51 -11.63  3.63 -4.52  1.29 >
INFO: cmn_live.c(105): Update to   < 39.98  7.39 -10.24 -1.48 -13.77  7.93 -7.58  1.60 -2.47 -11.48  3.37 -4.53  2.06 >
INFO: cmn_live.c(88): Update from < 39.98  7.39 -10.24 -1.48 -13.77  7.93 -7.58  1.60 -2.47 -11.48  3.37 -4.53  2.06 >
INFO: cmn_live.c(105): Update to   < 39.82  6.33 -9.61 -0.58 -13.30  8.15 -6.55  2.38 -4.30 -12.30  2.20 -4.49  2.15 >
INFO: cmn_live.c(88): Update from < 39.82  6.33 -9.61 -0.58 -13.30  8.15 -6.55  2.38 -4.30 -12.30  2.20 -4.49  2.15 >
INFO: cmn_live.c(105): Update to   < 38.92  6.77 -9.69 -0.15 -13.01  8.57 -6.19  2.36 -4.85 -13.40  2.43 -5.32  2.25 >
INFO: cmn_live.c(88): Update from < 38.92  6.77 -9.69 -0.15 -13.01  8.57 -6.19  2.36 -4.85 -13.40  2.43 -5.32  2.25 >
INFO: cmn_live.c(105): Update to   < 37.93  7.55 -10.14  0.04 -13.29  8.73 -5.50  2.10 -5.30 -13.34  1.69 -5.45  2.49 >
INFO: cmn_live.c(88): Update from < 37.93  7.55 -10.14  0.04 -13.29  8.73 -5.50  2.10 -5.30 -13.34  1.69 -5.45  2.49 >
INFO: cmn_live.c(105): Update to   < 38.11  7.07 -10.56 -0.73 -13.39  9.50 -5.00  2.16 -5.43 -12.85  1.47 -5.38  2.66 >
INFO: cmn_live.c(88): Update from < 38.11  7.07 -10.56 -0.73 -13.39  9.50 -5.00  2.16 -5.43 -12.85  1.47 -5.38  2.66 >
INFO: cmn_live.c(105): Update to   < 37.97  7.45 -10.99 -0.57 -13.49  9.92 -5.20  2.85 -4.76 -11.75  1.91 -5.22  3.01 >
INFO: cmn_live.c(88): Update from < 37.97  7.45 -10.99 -0.57 -13.49  9.92 -5.20  2.85 -4.76 -11.75  1.91 -5.22  3.01 >
INFO: cmn_live.c(105): Update to   < 39.23  7.15 -10.71 -0.19 -13.26  9.75 -6.20  2.69 -3.79 -10.77  1.30 -4.26  2.65 >
INFO: cmn_live.c(88): Update from < 39.23  7.15 -10.71 -0.19 -13.26  9.75 -6.20  2.69 -3.79 -10.77  1.30 -4.26  2.65 >
INFO: cmn_live.c(105): Update to   < 38.24  7.74 -9.99 -0.61 -13.52 10.74 -6.02  3.07 -3.99 -12.11  1.26 -4.74  2.72 >
INFO: cmn_live.c(88): Update from < 38.24  7.74 -9.99 -0.61 -13.52 10.74 -6.02  3.07 -3.99 -12.11  1.26 -4.74  2.72 >
INFO: cmn_live.c(105): Update to   < 39.04  7.67 -9.14 -0.90 -12.98 10.61 -6.78  3.03 -4.13 -12.19  1.81 -4.87  2.29 >
INFO: cmn_live.c(88): Update from < 39.04  7.67 -9.14 -0.90 -12.98 10.61 -6.78  3.03 -4.13 -12.19  1.81 -4.87  2.29 >
INFO: cmn_live.c(105): Update to   < 40.43  5.07 -8.92 -1.18 -11.76 10.89 -5.94  1.69 -4.36 -11.77  2.71 -6.05  0.46 >
INFO: cmn_live.c(88): Update from < 40.43  5.07 -8.92 -1.18 -11.76 10.89 -5.94  1.69 -4.36 -11.77  2.71 -6.05  0.46 >
INFO: cmn_live.c(105): Update to   < 39.73  4.23 -7.83 -2.54 -10.37 11.42 -5.07  0.51 -3.83 -11.84  4.41 -6.29 -0.10 >
INFO: cmn_live.c(88): Update from < 39.73  4.23 -7.83 -2.54 -10.37 11.42 -5.07  0.51 -3.83 -11.84  4.41 -6.29 -0.10 >
INFO: cmn_live.c(105): Update to   < 39.57  3.82 -7.88 -3.22 -10.68 11.37 -5.45  0.05 -3.35 -11.69  4.10 -6.81  0.30 >
INFO: cmn_live.c(88): Update from < 39.57  3.82 -7.88 -3.22 -10.68 11.37 -5.45  0.05 -3.35 -11.69  4.10 -6.81  0.30 >
INFO: cmn_live.c(105): Update to   < 38.96  5.54 -8.97 -0.96 -12.28 11.50 -5.74  1.11 -4.29 -11.41  4.96 -7.27  1.89 >
INFO: cmn_live.c(88): Update from < 38.96  5.54 -8.97 -0.96 -12.28 11.50 -5.74  1.11 -4.29 -11.41  4.96 -7.27  1.89 >
INFO: cmn_live.c(105): Update to   < 38.52  6.25 -9.56 -0.69 -13.02 13.26 -6.57  1.36 -4.67 -12.40  3.86 -7.24  3.18 >
INFO: cmn_live.c(88): Update from < 38.52  6.25 -9.56 -0.69 -13.02 13.26 -6.57  1.36 -4.67 -12.40  3.86 -7.24  3.18 >
INFO: cmn_live.c(105): Update to   < 38.14  6.23 -9.42 -0.88 -12.47 13.50 -6.62  2.54 -5.21 -13.64  2.88 -6.26  2.84 >
INFO: cmn_live.c(88): Update from < 38.14  6.23 -9.42 -0.88 -12.47 13.50 -6.62  2.54 -5.21 -13.64  2.88 -6.26  2.84 >
INFO: cmn_live.c(105): Update to   < 37.57  7.00 -10.53 -0.16 -13.54 13.21 -6.34  3.11 -5.09 -14.16  3.60 -6.19  3.27 >
INFO: cmn_live.c(88): Update from < 37.57  7.00 -10.53 -0.16 -13.54 13.21 -6.34  3.11 -5.09 -14.16  3.60 -6.19  3.27 >
INFO: cmn_live.c(105): Update to   < 36.91  7.22 -10.18 -0.47 -14.12 14.31 -5.55  4.04 -5.16 -14.15  2.79 -6.15  2.97 >
INFO: cmn_live.c(88): Update from < 36.91  7.22 -10.18 -0.47 -14.12 14.31 -5.55  4.04 -5.16 -14.15  2.79 -6.15  2.97 >
INFO: cmn_live.c(105): Update to   < 37.27  6.95 -10.13 -1.07 -14.05 14.49 -4.79  4.12 -5.18 -14.66  1.95 -6.19  2.91 >
INFO: cmn_live.c(88): Update from < 37.27  6.95 -10.13 -1.07 -14.05 14.49 -4.79  4.12 -5.18 -14.66  1.95 -6.19  2.91 >
INFO: cmn_live.c(105): Update to   < 38.04  5.58 -9.68 -2.21 -12.37 12.49 -2.53  3.25 -5.24 -15.07  1.26 -6.30  2.56 >
INFO: cmn_live.c(88): Update from < 38.04  5.58 -9.68 -2.21 -12.37 12.49 -2.53  3.25 -5.24 -15.07  1.26 -6.30  2.56 >
INFO: cmn_live.c(105): Update to   < 39.99  2.44 -9.47 -2.74 -10.92 10.58 -2.03  2.67 -5.94 -13.11  0.50 -6.92  2.21 >
INFO: cmn_live.c(88): Update from < 39.99  2.44 -9.47 -2.74 -10.92 10.58 -2.03  2.67 -5.94 -13.11  0.50 -6.92  2.21 >
INFO: cmn_live.c(105): Update to   < 37.95  4.65 -9.82 -2.24 -12.40 12.81 -2.84  3.84 -4.86 -14.20  1.61 -6.72  2.93 >
INFO: cmn_live.c(88): Update from < 37.95  4.65 -9.82 -2.24 -12.40 12.81 -2.84  3.84 -4.86 -14.20  1.61 -6.72  2.93 >
INFO: cmn_live.c(105): Update to   < 38.38  4.66 -9.42 -2.03 -11.85 12.49 -2.69  3.60 -5.32 -15.08  1.73 -6.97  2.52 >
INFO: cmn_live.c(88): Update from < 38.38  4.66 -9.42 -2.03 -11.85 12.49 -2.69  3.60 -5.32 -15.08  1.73 -6.97  2.52 >
INFO: cmn_live.c(105): Update to   < 38.54  6.08 -10.09 -1.89 -12.39 12.86 -4.18  3.37 -5.60 -15.22  1.60 -7.08  2.45 >
INFO: cmn_live.c(88): Update from < 38.54  6.08 -10.09 -1.89 -12.39 12.86 -4.18  3.37 -5.60 -15.22  1.60 -7.08  2.45 >
INFO: cmn_live.c(105): Update to   < 39.62  6.44 -10.80 -0.62 -12.23 12.21 -4.85  3.22 -4.85 -13.78  2.02 -6.33  2.60 >
INFO: cmn_live.c(88): Update from < 39.62  6.44 -10.80 -0.62 -12.23 12.21 -4.85  3.22 -4.85 -13.78  2.02 -6.33  2.60 >
INFO: cmn_live.c(105): Update to   < 39.22  7.60 -10.94 -1.11 -13.16 11.52 -5.81  3.42 -3.47 -12.56  2.87 -6.13  3.82 >
INFO: cmn_live.c(88): Update from < 39.22  7.60 -10.94 -1.11 -13.16 11.52 -5.81  3.42 -3.47 -12.56  2.87 -6.13  3.82 >
INFO: cmn_live.c(105): Update to   < 40.54  6.87 -9.63 -0.42 -12.13 10.10 -5.57  2.70 -4.31 -12.39  2.07 -5.94  3.47 >
INFO: cmn_live.c(88): Update from < 40.54  6.87 -9.63 -0.42 -12.13 10.10 -5.57  2.70 -4.31 -12.39  2.07 -5.94  3.47 >
INFO: cmn_live.c(105): Update to   < 38.85  7.41 -9.45 -1.06 -12.82 11.61 -5.93  3.22 -4.96 -13.38  1.71 -5.94  3.53 >
INFO: cmn_live.c(88): Update from < 38.85  7.41 -9.45 -1.06 -12.82 11.61 -5.93  3.22 -4.96 -13.38  1.71 -5.94  3.53 >
INFO: cmn_live.c(105): Update to   < 39.96  6.79 -8.91 -0.99 -12.52 10.12 -5.51  2.76 -4.64 -13.06  2.83 -5.42  2.46 >
INFO: cmn_live.c(88): Update from < 39.96  6.79 -8.91 -0.99 -12.52 10.12 -5.51  2.76 -4.64 -13.06  2.83 -5.42  2.46 >
INFO: cmn_live.c(105): Update to   < 39.18  7.99 -8.97  0.30 -13.42 10.53 -5.40  2.81 -3.90 -12.70  2.56 -5.48  2.24 >
INFO: cmn_live.c(88): Update from < 39.18  7.99 -8.97  0.30 -13.42 10.53 -5.40  2.81 -3.90 -12.70  2.56 -5.48  2.24 >
INFO: cmn_live.c(105): Update to   < 38.24  8.05 -9.31  0.93 -14.07 10.72 -5.49  3.91 -2.80 -11.67  3.23 -5.44  3.57 >
INFO: cmn_live.c(88): Update from < 38.24  8.05 -9.31  0.93 -14.07 10.72 -5.49  3.91 -2.80 -11.67  3.23 -5.44  3.57 >
INFO: cmn_live.c(105): Update to   < 38.56  8.42 -11.05  2.20 -14.83  9.35 -7.82  2.94 -1.63 -10.89  3.48 -5.67  4.29 >
INFO: cmn_live.c(88): Update from < 38.56  8.42 -11.05  2.20 -14.83  9.35 -7.82  2.94 -1.63 -10.89  3.48 -5.67  4.29 >
INFO: cmn_live.c(105): Update to   < 38.75  8.53 -9.64  2.25 -14.37  8.76 -7.83  2.52 -2.40 -11.90  3.42 -5.68  4.05 >
INFO: cmn_live.c(88): Update from < 38.75  8.53 -9.64  2.25 -14.37  8.76 -7.83  2.52 -2.40 -11.90  3.42 -5.68  4.05 >
INFO: cmn_live.c(105): Update to   < 38.97  7.86 -9.71  1.74 -14.00  8.83 -6.82  2.22 -2.05 -10.61  2.31 -6.30  3.81 >
INFO: cmn_live.c(88): Update from < 38.97  7.86 -9.71  1.74 -14.00  8.83 -6.82  2.22 -2.05 -10.61  2.31 -6.30  3.81 >
INFO: cmn_live.c(105): Update to   < 38.67  7.22 -9.29  1.20 -14.12  9.01 -6.60  2.92 -2.50 -11.96  2.63 -5.93  3.72 >
INFO: cmn_live.c(88): Update from < 38.67  7.22 -9.29  1.20 -14.12  9.01 -6.60  2.92 -2.50 -11.96  2.63 -5.93  3.72 >
INFO: cmn_live.c(105): Update to   < 39.32  6.49 -9.55 -0.22 -13.37  9.36 -6.41  1.84 -3.50 -12.66  3.97 -6.99  1.07 >
INFO: cmn_live.c(88): Update from < 39.32  6.49 -9.55 -0.22 -13.37  9.36 -6.41  1.84 -3.50 -12.66  3.97 -6.99  1.07 >
INFO: cmn_live.c(105): Update to   < 40.27  6.28 -8.09 -3.07 -13.21  9.57 -6.54  0.02 -4.32 -9.56  8.01 -5.45 -1.31 >
INFO: cmn_live.c(120): Update from < 40.27  6.28 -8.09 -3.07 -13.21  9.57 -6.54  0.02 -4.32 -9.56  8.01 -5.45 -1.31 >
INFO: cmn_live.c(138): Update to   < 40.32  6.42 -8.13 -2.98 -13.11  9.67 -6.55  0.13 -4.30 -9.62  7.99 -5.46 -1.34 >
INFO: kws_search.c(656): kws 10.02 CPU 0.085 xRT
INFO: kws_search.c(658): kws 206.58 wall 1.755 xRT
INFO: cmn_live.c(88): Update from < 40.32  6.42 -8.13 -2.98 -13.11  9.67 -6.55  0.13 -4.30 -9.62  7.99 -5.46 -1.34 >
INFO: cmn_live.c(105): Update to   < 39.63  6.76 -9.24 -2.24 -12.81 10.92 -7.66 -1.43 -4.96 -7.97 10.19 -4.96 -2.56 >
INFO: cmn_live.c(88): Update from < 39.63  6.76 -9.24 -2.24 -12.81 10.92 -7.66 -1.43 -4.96 -7.97 10.19 -4.96 -2.56 >
INFO: cmn_live.c(105): Update to   < 38.12  7.29 -10.22 -0.91 -12.83 13.36 -8.18 -1.78 -4.68 -6.67 10.97 -5.53 -2.91 >
INFO: cmn_live.c(88): Update from < 38.12  7.29 -10.22 -0.91 -12.83 13.36 -8.18 -1.78 -4.68 -6.67 10.97 -5.53 -2.91 >
INFO: cmn_live.c(105): Update to   < 38.04  8.49 -10.34  0.14 -12.56 14.33 -8.08 -1.47 -4.31 -6.72 10.96 -6.29 -4.65 >
INFO: cmn_live.c(88): Update from < 38.04  8.49 -10.34  0.14 -12.56 14.33 -8.08 -1.47 -4.31 -6.72 10.96 -6.29 -4.65 >
INFO: cmn_live.c(105): Update to   < 37.71  8.35 -9.82 -0.45 -11.91 14.71 -8.21 -1.93 -4.81 -7.46 10.93 -5.04 -5.04 >
INFO: cmn_live.c(88): Update from < 37.71  8.35 -9.82 -0.45 -11.91 14.71 -8.21 -1.93 -4.81 -7.46 10.93 -5.04 -5.04 >
INFO: cmn_live.c(105): Update to   < 39.67  6.11 -10.43 -0.22 -10.65 12.71 -6.81 -2.20 -4.93 -6.98 10.54 -4.93 -4.47 >
INFO: cmn_live.c(88): Update from < 39.67  6.11 -10.43 -0.22 -10.65 12.71 -6.81 -2.20 -4.93 -6.98 10.54 -4.93 -4.47 >
INFO: cmn_live.c(105): Update to   < 41.21  6.58 -10.04  0.12 -10.66 11.61 -7.90 -3.50 -5.49 -7.18  9.06 -4.52 -3.49 >
INFO: cmn_live.c(88): Update from < 41.21  6.58 -10.04  0.12 -10.66 11.61 -7.90 -3.50 -5.49 -7.18  9.06 -4.52 -3.49 >
INFO: cmn_live.c(105): Update to   < 41.95  5.24 -8.40 -1.97 -9.11 10.71 -6.64 -3.69 -4.83 -6.66  8.94 -4.62 -3.85 >
INFO: cmn_live.c(88): Update from < 41.95  5.24 -8.40 -1.97 -9.11 10.71 -6.64 -3.69 -4.83 -6.66  8.94 -4.62 -3.85 >
INFO: cmn_live.c(105): Update to   < 44.24  3.20 -7.27 -2.84 -7.89  5.57 -5.80 -5.07 -4.33 -6.66 10.22 -3.37 -3.22 >
INFO: cmn_live.c(88): Update from < 44.24  3.20 -7.27 -2.84 -7.89  5.57 -5.80 -5.07 -4.33 -6.66 10.22 -3.37 -3.22 >
INFO: cmn_live.c(105): Update to   < 41.47  5.57 -7.32 -2.26 -8.76  8.96 -6.23 -5.13 -5.88 -6.64 11.71 -4.38 -4.17 >
INFO: cmn_live.c(88): Update from < 41.47  5.57 -7.32 -2.26 -8.76  8.96 -6.23 -5.13 -5.88 -6.64 11.71 -4.38 -4.17 >
INFO: cmn_live.c(105): Update to   < 42.61  4.26 -6.42 -3.33 -7.97  6.72 -4.62 -5.82 -5.09 -4.73 11.63 -5.44 -4.44 >
INFO: cmn_live.c(88): Update from < 42.61  4.26 -6.42 -3.33 -7.97  6.72 -4.62 -5.82 -5.09 -4.73 11.63 -5.44 -4.44 >
INFO: cmn_live.c(105): Update to   < 43.19  3.47 -6.40 -2.54 -7.38  5.64 -4.70 -3.99 -5.21 -4.15 10.54 -4.92 -5.82 >
INFO: cmn_live.c(88): Update from < 43.19  3.47 -6.40 -2.54 -7.38  5.64 -4.70 -3.99 -5.21 -4.15 10.54 -4.92 -5.82 >
INFO: cmn_live.c(105): Update to   < 42.01  4.49 -7.50 -2.02 -7.96  7.78 -5.10 -3.38 -4.50 -4.28 10.53 -5.12 -5.15 >
INFO: cmn_live.c(88): Update from < 42.01  4.49 -7.50 -2.02 -7.96  7.78 -5.10 -3.38 -4.50 -4.28 10.53 -5.12 -5.15 >
INFO: cmn_live.c(105): Update to   < 42.16  2.17 -5.80 -1.87 -7.69  8.78 -3.08 -4.13 -3.88 -5.79  9.48 -4.79 -5.28 >
INFO: cmn_live.c(88): Update from < 42.16  2.17 -5.80 -1.87 -7.69  8.78 -3.08 -4.13 -3.88 -5.79  9.48 -4.79 -5.28 >
INFO: cmn_live.c(105): Update to   < 40.07  3.42 -4.99 -1.57 -7.80  9.35 -4.66 -3.56 -4.91 -5.35  9.69 -4.07 -6.21 >
INFO: cmn_live.c(88): Update from < 40.07  3.42 -4.99 -1.57 -7.80  9.35 -4.66 -3.56 -4.91 -5.35  9.69 -4.07 -6.21 >
INFO: cmn_live.c(105): Update to   < 38.43  5.21 -5.49 -1.94 -8.11 10.06 -5.47 -4.13 -4.83 -5.46  9.93 -4.10 -6.06 >
INFO: cmn_live.c(88): Update from < 38.43  5.21 -5.49 -1.94 -8.11 10.06 -5.47 -4.13 -4.83 -5.46  9.93 -4.10 -6.06 >
INFO: cmn_live.c(105): Update to   < 38.04  6.26 -7.14 -0.95 -9.11  9.59 -5.63 -3.78 -5.28 -5.25 10.82 -4.30 -4.69 >
INFO: cmn_live.c(88): Update from < 38.04  6.26 -7.14 -0.95 -9.11  9.59 -5.63 -3.78 -5.28 -5.25 10.82 -4.30 -4.69 >
INFO: cmn_live.c(105): Update to   < 36.95  7.68 -8.21 -1.31 -10.72 10.30 -7.61 -4.76 -5.56 -5.01 11.94 -3.86 -4.52 >
INFO: cmn_live.c(88): Update from < 36.95  7.68 -8.21 -1.31 -10.72 10.30 -7.61 -4.76 -5.56 -5.01 11.94 -3.86 -4.52 >
INFO: cmn_live.c(105): Update to   < 38.07  6.84 -8.10 -0.84 -10.78 10.04 -7.67 -3.83 -4.51 -4.05 11.15 -4.54 -4.29 >
INFO: cmn_live.c(88): Update from < 38.07  6.84 -8.10 -0.84 -10.78 10.04 -7.67 -3.83 -4.51 -4.05 11.15 -4.54 -4.29 >
INFO: cmn_live.c(105): Update to   < 39.00  7.29 -9.67  0.12 -11.86 11.43 -6.48 -3.22 -3.76 -2.00 12.57 -5.64 -3.97 >
INFO: cmn_live.c(88): Update from < 39.00  7.29 -9.67  0.12 -11.86 11.43 -6.48 -3.22 -3.76 -2.00 12.57 -5.64 -3.97 >
INFO: cmn_live.c(105): Update to   < 38.61  8.19 -10.81  1.04 -11.60 12.68 -6.85 -2.35 -3.58 -3.86 12.02 -6.48 -3.15 >
INFO: kws_search.c(448): TOTAL kws 10.84 CPU 0.084 xRT
INFO: kws_search.c(451): TOTAL kws 219.07 wall 1.705 xRT
